2015-01-10 13:47:19,761 - [INFO] - from play in pool-4-thread-2 
Listening for HTTP on /0:0:0:0:0:0:0:0:9000

2015-01-10 13:50:11,072 - [INFO] - from play in play-internal-execution-context-1 
database [default] connected at jdbc:postgresql://localhost/workout-organizer

2015-01-10 13:50:11,190 - [INFO] - from play in play-internal-execution-context-1 
Application started (Dev)

2015-01-10 13:50:19,544 - [INFO] - from application in play-akka.actor.default-dispatcher-3 
User test logged in!

2015-01-10 13:58:01,934 - [INFO] - from play in play-internal-execution-context-1 
database [default] connected at jdbc:postgresql://localhost/workout-organizer

2015-01-10 13:58:01,938 - [INFO] - from play in play-internal-execution-context-1 
Application started (Dev)

2015-01-10 14:01:10,853 - [INFO] - from play in play-internal-execution-context-1 
database [default] connected at jdbc:postgresql://localhost/workout-organizer

2015-01-10 14:01:10,858 - [INFO] - from play in play-internal-execution-context-1 
Application started (Dev)

2015-01-10 14:02:37,869 - [INFO] - from play in play-internal-execution-context-1 
database [default] connected at jdbc:postgresql://localhost/workout-organizer

2015-01-10 14:02:37,875 - [INFO] - from play in play-internal-execution-context-1 
Application started (Dev)

2015-01-10 14:03:43,407 - [INFO] - from play in play-internal-execution-context-1 
database [default] connected at jdbc:postgresql://localhost/workout-organizer

2015-01-10 14:03:43,413 - [INFO] - from play in play-internal-execution-context-1 
Application started (Dev)

2015-01-10 14:04:17,436 - [INFO] - from play in play-internal-execution-context-1 
database [default] connected at jdbc:postgresql://localhost/workout-organizer

2015-01-10 14:04:17,444 - [INFO] - from play in play-internal-execution-context-1 
Application started (Dev)

2015-01-10 14:07:45,256 - [INFO] - from application in play-akka.actor.default-dispatcher-20 
User test logged in!

2015-01-10 14:56:02,273 - [INFO] - from play in play-internal-execution-context-1 
database [default] connected at jdbc:postgresql://localhost/workout-organizer

2015-01-10 14:56:02,277 - [INFO] - from play in play-internal-execution-context-1 
Application started (Dev)

2015-01-10 15:48:06,641 - [ERROR] - from application in New I/O worker #2 


! @6knggcc44 - Internal server error, for (GET) [/home] ->

play.PlayExceptions$RoutesCompilationException: Compilation error[HTTP Verb (GET, POST, ...), include (->) or comment (#) expected]
	at play.PlaySourceGenerators$$anonfun$1.apply(PlaySourceGenerators.scala:24) ~[na:na]
	at play.PlaySourceGenerators$$anonfun$1.apply(PlaySourceGenerators.scala:12) ~[na:na]
	at play.PlaySettings$$anonfun$defaultSettings$29.apply(PlaySettings.scala:119) ~[na:na]
	at play.PlaySettings$$anonfun$defaultSettings$29.apply(PlaySettings.scala:119) ~[na:na]
	at scala.Function7$$anonfun$tupled$1.apply(Function7.scala:35) ~[scala-library-2.11.1.jar:na]
	at scala.Function7$$anonfun$tupled$1.apply(Function7.scala:34) ~[scala-library-2.11.1.jar:na]
	at scala.Function1$$anonfun$compose$1.apply(Function1.scala:47) ~[scala-library-2.11.1.jar:na]
	at sbt.$tilde$greater$$anonfun$$u2219$1.apply(TypeFunctions.scala:42) ~[na:na]
	at sbt.std.Transform$$anon$4.work(System.scala:64) ~[na:na]
	at sbt.Execute$$anonfun$submit$1$$anonfun$apply$1.apply(Execute.scala:237) ~[na:na]
	at sbt.Execute$$anonfun$submit$1$$anonfun$apply$1.apply(Execute.scala:237) ~[na:na]
	at sbt.ErrorHandling$.wideConvert(ErrorHandling.scala:18) ~[na:na]
	at sbt.Execute.work(Execute.scala:244) ~[na:na]
	at sbt.Execute$$anonfun$submit$1.apply(Execute.scala:237) ~[na:na]
	at sbt.Execute$$anonfun$submit$1.apply(Execute.scala:237) ~[na:na]
	at sbt.ConcurrentRestrictions$$anon$4$$anonfun$1.apply(ConcurrentRestrictions.scala:160) ~[na:na]
	at sbt.CompletionService$$anon$2.call(CompletionService.scala:30) ~[na:na]
	at java.util.concurrent.FutureTask.run(FutureTask.java:266) ~[na:1.8.0_25]
	at java.util.concurrent.Executors$RunnableAdapter.call(Executors.java:511) ~[na:1.8.0_25]
	at java.util.concurrent.FutureTask.run(FutureTask.java:266) ~[na:1.8.0_25]
	at java.util.concurrent.ThreadPoolExecutor.runWorker(ThreadPoolExecutor.java:1142) [na:1.8.0_25]
	at java.util.concurrent.ThreadPoolExecutor$Worker.run(ThreadPoolExecutor.java:617) [na:1.8.0_25]
	at java.lang.Thread.run(Thread.java:745) [na:1.8.0_25]

2015-01-10 15:48:30,665 - [ERROR] - from application in New I/O worker #2 


! @6knggdlk4 - Internal server error, for (GET) [/home] ->

play.PlayExceptions$CompilationException: Compilation error[value listAllExercises is not a member of object controllers.Application]
	at play.PlayExceptions$CompilationException$.apply(PlayExceptions.scala:27) ~[na:na]
	at play.PlayExceptions$CompilationException$.apply(PlayExceptions.scala:27) ~[na:na]
	at scala.Option.map(Option.scala:145) ~[scala-library-2.11.1.jar:na]
	at play.PlayReloader$$anon$1$$anonfun$play$PlayReloader$$anon$$taskFailureHandler$1.apply(PlayReloader.scala:235) ~[na:na]
	at play.PlayReloader$$anon$1$$anonfun$play$PlayReloader$$anon$$taskFailureHandler$1.apply(PlayReloader.scala:230) ~[na:na]
	at scala.Option.map(Option.scala:145) ~[scala-library-2.11.1.jar:na]
	at play.PlayReloader$$anon$1.play$PlayReloader$$anon$$taskFailureHandler(PlayReloader.scala:230) ~[na:na]
	at play.PlayReloader$$anon$1$$anonfun$reload$2.apply(PlayReloader.scala:90) ~[na:na]
	at play.PlayReloader$$anon$1$$anonfun$reload$2.apply(PlayReloader.scala:90) ~[na:na]
	at scala.util.Either$LeftProjection.map(Either.scala:377) ~[scala-library-2.11.1.jar:na]
	at play.PlayReloader$$anon$1.reload(PlayReloader.scala:90) ~[na:na]
	at play.core.ReloadableApplication$$anonfun$get$1.apply(ApplicationProvider.scala:122) ~[play_2.11-2.3.7.jar:2.3.7]
	at play.core.ReloadableApplication$$anonfun$get$1.apply(ApplicationProvider.scala:120) ~[play_2.11-2.3.7.jar:2.3.7]
	at scala.concurrent.impl.Future$PromiseCompletingRunnable.liftedTree1$1(Future.scala:24) ~[scala-library-2.11.1.jar:na]
	at scala.concurrent.impl.Future$PromiseCompletingRunnable.run(Future.scala:24) ~[scala-library-2.11.1.jar:na]
	at scala.concurrent.forkjoin.ForkJoinTask$AdaptedRunnableAction.exec(ForkJoinTask.java:1361) ~[scala-library-2.11.1.jar:na]
	at scala.concurrent.forkjoin.ForkJoinTask.doExec(ForkJoinTask.java:260) ~[scala-library-2.11.1.jar:na]
	at scala.concurrent.forkjoin.ForkJoinPool$WorkQueue.runTask(ForkJoinPool.java:1339) ~[scala-library-2.11.1.jar:na]
	at scala.concurrent.forkjoin.ForkJoinPool.runWorker(ForkJoinPool.java:1979) ~[scala-library-2.11.1.jar:na]
	at scala.concurrent.forkjoin.ForkJoinWorkerThread.run(ForkJoinWorkerThread.java:107) ~[scala-library-2.11.1.jar:na]

2015-01-10 15:49:27,745 - [ERROR] - from application in New I/O worker #2 


! @6knggh25f - Internal server error, for (GET) [/home] ->

play.PlayExceptions$CompilationException: Compilation error[value listAllExercises is not a member of object controllers.Application]
	at play.PlayExceptions$CompilationException$.apply(PlayExceptions.scala:27) ~[na:na]
	at play.PlayExceptions$CompilationException$.apply(PlayExceptions.scala:27) ~[na:na]
	at scala.Option.map(Option.scala:145) ~[scala-library-2.11.1.jar:na]
	at play.PlayReloader$$anon$1$$anonfun$play$PlayReloader$$anon$$taskFailureHandler$1.apply(PlayReloader.scala:235) ~[na:na]
	at play.PlayReloader$$anon$1$$anonfun$play$PlayReloader$$anon$$taskFailureHandler$1.apply(PlayReloader.scala:230) ~[na:na]
	at scala.Option.map(Option.scala:145) ~[scala-library-2.11.1.jar:na]
	at play.PlayReloader$$anon$1.play$PlayReloader$$anon$$taskFailureHandler(PlayReloader.scala:230) ~[na:na]
	at play.PlayReloader$$anon$1$$anonfun$reload$2.apply(PlayReloader.scala:90) ~[na:na]
	at play.PlayReloader$$anon$1$$anonfun$reload$2.apply(PlayReloader.scala:90) ~[na:na]
	at scala.util.Either$LeftProjection.map(Either.scala:377) ~[scala-library-2.11.1.jar:na]
	at play.PlayReloader$$anon$1.reload(PlayReloader.scala:90) ~[na:na]
	at play.core.ReloadableApplication$$anonfun$get$1.apply(ApplicationProvider.scala:122) ~[play_2.11-2.3.7.jar:2.3.7]
	at play.core.ReloadableApplication$$anonfun$get$1.apply(ApplicationProvider.scala:120) ~[play_2.11-2.3.7.jar:2.3.7]
	at scala.concurrent.impl.Future$PromiseCompletingRunnable.liftedTree1$1(Future.scala:24) ~[scala-library-2.11.1.jar:na]
	at scala.concurrent.impl.Future$PromiseCompletingRunnable.run(Future.scala:24) ~[scala-library-2.11.1.jar:na]
	at scala.concurrent.forkjoin.ForkJoinTask$AdaptedRunnableAction.exec(ForkJoinTask.java:1361) ~[scala-library-2.11.1.jar:na]
	at scala.concurrent.forkjoin.ForkJoinTask.doExec(ForkJoinTask.java:260) ~[scala-library-2.11.1.jar:na]
	at scala.concurrent.forkjoin.ForkJoinPool$WorkQueue.runTask(ForkJoinPool.java:1339) ~[scala-library-2.11.1.jar:na]
	at scala.concurrent.forkjoin.ForkJoinPool.runWorker(ForkJoinPool.java:1979) ~[scala-library-2.11.1.jar:na]
	at scala.concurrent.forkjoin.ForkJoinWorkerThread.run(ForkJoinWorkerThread.java:107) ~[scala-library-2.11.1.jar:na]

2015-01-10 15:49:39,031 - [ERROR] - from application in New I/O worker #2 


! @6kngghing - Internal server error, for (GET) [/exercises] ->

play.PlayExceptions$CompilationException: Compilation error[value listAllExercises is not a member of object controllers.Application]
	at play.PlayExceptions$CompilationException$.apply(PlayExceptions.scala:27) ~[na:na]
	at play.PlayExceptions$CompilationException$.apply(PlayExceptions.scala:27) ~[na:na]
	at scala.Option.map(Option.scala:145) ~[scala-library-2.11.1.jar:na]
	at play.PlayReloader$$anon$1$$anonfun$play$PlayReloader$$anon$$taskFailureHandler$1.apply(PlayReloader.scala:235) ~[na:na]
	at play.PlayReloader$$anon$1$$anonfun$play$PlayReloader$$anon$$taskFailureHandler$1.apply(PlayReloader.scala:230) ~[na:na]
	at scala.Option.map(Option.scala:145) ~[scala-library-2.11.1.jar:na]
	at play.PlayReloader$$anon$1.play$PlayReloader$$anon$$taskFailureHandler(PlayReloader.scala:230) ~[na:na]
	at play.PlayReloader$$anon$1$$anonfun$reload$2.apply(PlayReloader.scala:90) ~[na:na]
	at play.PlayReloader$$anon$1$$anonfun$reload$2.apply(PlayReloader.scala:90) ~[na:na]
	at scala.util.Either$LeftProjection.map(Either.scala:377) ~[scala-library-2.11.1.jar:na]
	at play.PlayReloader$$anon$1.reload(PlayReloader.scala:90) ~[na:na]
	at play.core.ReloadableApplication$$anonfun$get$1.apply(ApplicationProvider.scala:122) ~[play_2.11-2.3.7.jar:2.3.7]
	at play.core.ReloadableApplication$$anonfun$get$1.apply(ApplicationProvider.scala:120) ~[play_2.11-2.3.7.jar:2.3.7]
	at scala.concurrent.impl.Future$PromiseCompletingRunnable.liftedTree1$1(Future.scala:24) ~[scala-library-2.11.1.jar:na]
	at scala.concurrent.impl.Future$PromiseCompletingRunnable.run(Future.scala:24) ~[scala-library-2.11.1.jar:na]
	at scala.concurrent.forkjoin.ForkJoinTask$AdaptedRunnableAction.exec(ForkJoinTask.java:1361) ~[scala-library-2.11.1.jar:na]
	at scala.concurrent.forkjoin.ForkJoinTask.doExec(ForkJoinTask.java:260) ~[scala-library-2.11.1.jar:na]
	at scala.concurrent.forkjoin.ForkJoinPool$WorkQueue.runTask(ForkJoinPool.java:1339) ~[scala-library-2.11.1.jar:na]
	at scala.concurrent.forkjoin.ForkJoinPool.runWorker(ForkJoinPool.java:1979) ~[scala-library-2.11.1.jar:na]
	at scala.concurrent.forkjoin.ForkJoinWorkerThread.run(ForkJoinWorkerThread.java:107) ~[scala-library-2.11.1.jar:na]

2015-01-10 15:53:07,687 - [INFO] - from play in play-internal-execution-context-1 
database [default] connected at jdbc:postgresql://localhost/workout-organizer

2015-01-10 15:53:07,692 - [INFO] - from play in play-internal-execution-context-1 
Application started (Dev)

2015-01-10 16:02:25,495 - [INFO] - from play in play-internal-execution-context-1 
database [default] connected at jdbc:postgresql://localhost/workout-organizer

2015-01-10 16:02:25,500 - [INFO] - from play in play-internal-execution-context-1 
Application started (Dev)

2015-01-10 16:11:24,234 - [INFO] - from play in play-internal-execution-context-1 
database [default] connected at jdbc:postgresql://localhost/workout-organizer

2015-01-10 16:11:24,239 - [INFO] - from play in play-internal-execution-context-1 
Application started (Dev)

2015-01-10 16:11:45,817 - [INFO] - from play in play-internal-execution-context-1 
database [default] connected at jdbc:postgresql://localhost/workout-organizer

2015-01-10 16:11:45,821 - [INFO] - from play in play-internal-execution-context-1 
Application started (Dev)

2015-01-10 16:17:49,286 - [INFO] - from play in play-internal-execution-context-1 
database [default] connected at jdbc:postgresql://localhost/workout-organizer

2015-01-10 16:17:49,297 - [INFO] - from play in play-internal-execution-context-1 
Application started (Dev)

2015-01-10 16:18:15,700 - [INFO] - from play in play-internal-execution-context-1 
database [default] connected at jdbc:postgresql://localhost/workout-organizer

2015-01-10 16:18:15,705 - [INFO] - from play in play-internal-execution-context-1 
Application started (Dev)

2015-01-10 17:07:14,936 - [INFO] - from play in play-internal-execution-context-1 
database [default] connected at jdbc:postgresql://localhost/workout-organizer

2015-01-10 17:07:14,939 - [INFO] - from play in play-internal-execution-context-1 
Application started (Dev)

2015-01-10 17:10:52,370 - [INFO] - from play in play-internal-execution-context-1 
database [default] connected at jdbc:postgresql://localhost/workout-organizer

2015-01-10 17:10:52,374 - [INFO] - from play in play-internal-execution-context-1 
Application started (Dev)

2015-01-10 17:10:52,385 - [ERROR] - from play in play-akka.actor.default-dispatcher-33 
Cannot invoke the action, eventually got an error: java.lang.NullPointerException

2015-01-10 17:10:52,396 - [ERROR] - from application in play-akka.actor.default-dispatcher-33 


! @6knh1900k - Internal server error, for (GET) [/exercises] ->

play.api.Application$$anon$1: Execution exception[[NullPointerException: null]]
	at play.api.Application$class.handleError(Application.scala:296) ~[play_2.11-2.3.7.jar:2.3.7]
	at play.api.DefaultApplication.handleError(Application.scala:402) [play_2.11-2.3.7.jar:2.3.7]
	at play.core.server.netty.PlayDefaultUpstreamHandler$$anonfun$3$$anonfun$applyOrElse$4.apply(PlayDefaultUpstreamHandler.scala:320) [play_2.11-2.3.7.jar:2.3.7]
	at play.core.server.netty.PlayDefaultUpstreamHandler$$anonfun$3$$anonfun$applyOrElse$4.apply(PlayDefaultUpstreamHandler.scala:320) [play_2.11-2.3.7.jar:2.3.7]
	at scala.Option.map(Option.scala:145) [scala-library-2.11.1.jar:na]
	at play.core.server.netty.PlayDefaultUpstreamHandler$$anonfun$3.applyOrElse(PlayDefaultUpstreamHandler.scala:320) [play_2.11-2.3.7.jar:2.3.7]
	at play.core.server.netty.PlayDefaultUpstreamHandler$$anonfun$3.applyOrElse(PlayDefaultUpstreamHandler.scala:316) [play_2.11-2.3.7.jar:2.3.7]
	at scala.concurrent.Future$$anonfun$recoverWith$1.apply(Future.scala:344) [scala-library-2.11.1.jar:na]
	at scala.concurrent.Future$$anonfun$recoverWith$1.apply(Future.scala:343) [scala-library-2.11.1.jar:na]
	at scala.concurrent.impl.CallbackRunnable.run(Promise.scala:32) [scala-library-2.11.1.jar:na]
	at play.api.libs.iteratee.Execution$trampoline$.execute(Execution.scala:46) [play-iteratees_2.11-2.3.7.jar:2.3.7]
	at scala.concurrent.impl.CallbackRunnable.executeWithValue(Promise.scala:40) [scala-library-2.11.1.jar:na]
	at scala.concurrent.impl.Promise$DefaultPromise.tryComplete(Promise.scala:248) [scala-library-2.11.1.jar:na]
	at scala.concurrent.Promise$class.complete(Promise.scala:55) [scala-library-2.11.1.jar:na]
	at scala.concurrent.impl.Promise$DefaultPromise.complete(Promise.scala:153) [scala-library-2.11.1.jar:na]
	at scala.concurrent.impl.Future$PromiseCompletingRunnable.run(Future.scala:23) [scala-library-2.11.1.jar:na]
	at akka.dispatch.TaskInvocation.run(AbstractDispatcher.scala:41) [akka-actor_2.11-2.3.4.jar:na]
	at akka.dispatch.ForkJoinExecutorConfigurator$AkkaForkJoinTask.exec(AbstractDispatcher.scala:393) [akka-actor_2.11-2.3.4.jar:na]
	at scala.concurrent.forkjoin.ForkJoinTask.doExec(ForkJoinTask.java:260) [scala-library-2.11.1.jar:na]
	at scala.concurrent.forkjoin.ForkJoinPool$WorkQueue.runTask(ForkJoinPool.java:1339) [scala-library-2.11.1.jar:na]
	at scala.concurrent.forkjoin.ForkJoinPool.runWorker(ForkJoinPool.java:1979) [scala-library-2.11.1.jar:na]
	at scala.concurrent.forkjoin.ForkJoinWorkerThread.run(ForkJoinWorkerThread.java:107) [scala-library-2.11.1.jar:na]
Caused by: java.lang.NullPointerException: null
	at scala.collection.convert.Wrappers$JListWrapper.iterator(Wrappers.scala:88) ~[scala-library-2.11.1.jar:na]
	at scala.collection.IterableLike$class.foreach(IterableLike.scala:72) ~[scala-library-2.11.1.jar:na]
	at scala.collection.AbstractIterable.foreach(Iterable.scala:54) ~[scala-library-2.11.1.jar:na]
	at scala.collection.TraversableLike$class.map(TraversableLike.scala:245) ~[scala-library-2.11.1.jar:na]
	at scala.collection.AbstractTraversable.map(Traversable.scala:104) ~[scala-library-2.11.1.jar:na]
	at views.html.exercises$.apply(exercises.template.scala:46) ~[classes/:na]
	at views.html.exercises$.render(exercises.template.scala:54) ~[classes/:na]
	at views.html.exercises.render(exercises.template.scala) ~[classes/:na]
	at controllers.Application.listAllExercises(Application.java:30) ~[classes/:na]
	at Routes$$anonfun$routes$1$$anonfun$applyOrElse$2$$anonfun$apply$2.apply(routes_routing.scala:123) ~[classes/:na]
	at Routes$$anonfun$routes$1$$anonfun$applyOrElse$2$$anonfun$apply$2.apply(routes_routing.scala:123) ~[classes/:na]
	at play.core.Router$HandlerInvokerFactory$$anon$4.resultCall(Router.scala:264) ~[play_2.11-2.3.7.jar:2.3.7]
	at play.core.Router$HandlerInvokerFactory$JavaActionInvokerFactory$$anon$15$$anon$1.invocation(Router.scala:255) ~[play_2.11-2.3.7.jar:2.3.7]
	at play.core.j.JavaAction$$anon$1.call(JavaAction.scala:55) ~[play_2.11-2.3.7.jar:2.3.7]
	at play.core.j.JavaAction$$anonfun$11.apply(JavaAction.scala:82) ~[play_2.11-2.3.7.jar:2.3.7]
	at play.core.j.JavaAction$$anonfun$11.apply(JavaAction.scala:82) ~[play_2.11-2.3.7.jar:2.3.7]
	at scala.concurrent.impl.Future$PromiseCompletingRunnable.liftedTree1$1(Future.scala:24) [scala-library-2.11.1.jar:na]
	at scala.concurrent.impl.Future$PromiseCompletingRunnable.run(Future.scala:24) [scala-library-2.11.1.jar:na]
	at play.core.j.HttpExecutionContext$$anon$2.run(HttpExecutionContext.scala:40) ~[play_2.11-2.3.7.jar:2.3.7]
	at play.api.libs.iteratee.Execution$trampoline$.execute(Execution.scala:46) [play-iteratees_2.11-2.3.7.jar:2.3.7]
	at play.core.j.HttpExecutionContext.execute(HttpExecutionContext.scala:32) ~[play_2.11-2.3.7.jar:2.3.7]
	at scala.concurrent.impl.Future$.apply(Future.scala:31) ~[scala-library-2.11.1.jar:na]
	at scala.concurrent.Future$.apply(Future.scala:492) ~[scala-library-2.11.1.jar:na]
	at play.core.j.JavaAction$class.apply(JavaAction.scala:82) ~[play_2.11-2.3.7.jar:2.3.7]
	at play.core.Router$HandlerInvokerFactory$JavaActionInvokerFactory$$anon$15$$anon$1.apply(Router.scala:252) ~[play_2.11-2.3.7.jar:2.3.7]
	at play.api.mvc.Action$$anonfun$apply$1$$anonfun$apply$4$$anonfun$apply$5.apply(Action.scala:130) ~[play_2.11-2.3.7.jar:2.3.7]
	at play.api.mvc.Action$$anonfun$apply$1$$anonfun$apply$4$$anonfun$apply$5.apply(Action.scala:130) ~[play_2.11-2.3.7.jar:2.3.7]
	at play.utils.Threads$.withContextClassLoader(Threads.scala:21) ~[play_2.11-2.3.7.jar:2.3.7]
	at play.api.mvc.Action$$anonfun$apply$1$$anonfun$apply$4.apply(Action.scala:129) ~[play_2.11-2.3.7.jar:2.3.7]
	at play.api.mvc.Action$$anonfun$apply$1$$anonfun$apply$4.apply(Action.scala:128) ~[play_2.11-2.3.7.jar:2.3.7]
	at scala.Option.map(Option.scala:145) [scala-library-2.11.1.jar:na]
	at play.api.mvc.Action$$anonfun$apply$1.apply(Action.scala:128) ~[play_2.11-2.3.7.jar:2.3.7]
	at play.api.mvc.Action$$anonfun$apply$1.apply(Action.scala:121) ~[play_2.11-2.3.7.jar:2.3.7]
	at play.api.libs.iteratee.Iteratee$$anonfun$mapM$1.apply(Iteratee.scala:483) ~[play-iteratees_2.11-2.3.7.jar:2.3.7]
	at play.api.libs.iteratee.Iteratee$$anonfun$mapM$1.apply(Iteratee.scala:483) ~[play-iteratees_2.11-2.3.7.jar:2.3.7]
	at play.api.libs.iteratee.Iteratee$$anonfun$flatMapM$1.apply(Iteratee.scala:519) ~[play-iteratees_2.11-2.3.7.jar:2.3.7]
	at play.api.libs.iteratee.Iteratee$$anonfun$flatMapM$1.apply(Iteratee.scala:519) ~[play-iteratees_2.11-2.3.7.jar:2.3.7]
	at play.api.libs.iteratee.Iteratee$$anonfun$flatMap$1$$anonfun$apply$14.apply(Iteratee.scala:496) ~[play-iteratees_2.11-2.3.7.jar:2.3.7]
	at play.api.libs.iteratee.Iteratee$$anonfun$flatMap$1$$anonfun$apply$14.apply(Iteratee.scala:496) ~[play-iteratees_2.11-2.3.7.jar:2.3.7]
	at scala.concurrent.impl.Future$PromiseCompletingRunnable.liftedTree1$1(Future.scala:24) [scala-library-2.11.1.jar:na]
	at scala.concurrent.impl.Future$PromiseCompletingRunnable.run(Future.scala:24) [scala-library-2.11.1.jar:na]
	... 6 common frames omitted

2015-01-10 17:11:04,264 - [INFO] - from play in play-internal-execution-context-1 
database [default] connected at jdbc:postgresql://localhost/workout-organizer

2015-01-10 17:11:04,270 - [INFO] - from play in play-internal-execution-context-1 
Application started (Dev)

2015-01-10 17:11:04,279 - [ERROR] - from play in play-akka.actor.default-dispatcher-35 
Cannot invoke the action, eventually got an error: java.lang.NullPointerException

2015-01-10 17:11:04,282 - [ERROR] - from application in play-akka.actor.default-dispatcher-35 


! @6knh19hfo - Internal server error, for (GET) [/exercises] ->

play.api.Application$$anon$1: Execution exception[[NullPointerException: null]]
	at play.api.Application$class.handleError(Application.scala:296) ~[play_2.11-2.3.7.jar:2.3.7]
	at play.api.DefaultApplication.handleError(Application.scala:402) [play_2.11-2.3.7.jar:2.3.7]
	at play.core.server.netty.PlayDefaultUpstreamHandler$$anonfun$3$$anonfun$applyOrElse$4.apply(PlayDefaultUpstreamHandler.scala:320) [play_2.11-2.3.7.jar:2.3.7]
	at play.core.server.netty.PlayDefaultUpstreamHandler$$anonfun$3$$anonfun$applyOrElse$4.apply(PlayDefaultUpstreamHandler.scala:320) [play_2.11-2.3.7.jar:2.3.7]
	at scala.Option.map(Option.scala:145) [scala-library-2.11.1.jar:na]
	at play.core.server.netty.PlayDefaultUpstreamHandler$$anonfun$3.applyOrElse(PlayDefaultUpstreamHandler.scala:320) [play_2.11-2.3.7.jar:2.3.7]
	at play.core.server.netty.PlayDefaultUpstreamHandler$$anonfun$3.applyOrElse(PlayDefaultUpstreamHandler.scala:316) [play_2.11-2.3.7.jar:2.3.7]
	at scala.concurrent.Future$$anonfun$recoverWith$1.apply(Future.scala:344) [scala-library-2.11.1.jar:na]
	at scala.concurrent.Future$$anonfun$recoverWith$1.apply(Future.scala:343) [scala-library-2.11.1.jar:na]
	at scala.concurrent.impl.CallbackRunnable.run(Promise.scala:32) [scala-library-2.11.1.jar:na]
	at play.api.libs.iteratee.Execution$trampoline$.execute(Execution.scala:46) [play-iteratees_2.11-2.3.7.jar:2.3.7]
	at scala.concurrent.impl.CallbackRunnable.executeWithValue(Promise.scala:40) [scala-library-2.11.1.jar:na]
	at scala.concurrent.impl.Promise$DefaultPromise.tryComplete(Promise.scala:248) [scala-library-2.11.1.jar:na]
	at scala.concurrent.Promise$class.complete(Promise.scala:55) [scala-library-2.11.1.jar:na]
	at scala.concurrent.impl.Promise$DefaultPromise.complete(Promise.scala:153) [scala-library-2.11.1.jar:na]
	at scala.concurrent.impl.Future$PromiseCompletingRunnable.run(Future.scala:23) [scala-library-2.11.1.jar:na]
	at akka.dispatch.TaskInvocation.run(AbstractDispatcher.scala:41) [akka-actor_2.11-2.3.4.jar:na]
	at akka.dispatch.ForkJoinExecutorConfigurator$AkkaForkJoinTask.exec(AbstractDispatcher.scala:393) [akka-actor_2.11-2.3.4.jar:na]
	at scala.concurrent.forkjoin.ForkJoinTask.doExec(ForkJoinTask.java:260) [scala-library-2.11.1.jar:na]
	at scala.concurrent.forkjoin.ForkJoinPool$WorkQueue.runTask(ForkJoinPool.java:1339) [scala-library-2.11.1.jar:na]
	at scala.concurrent.forkjoin.ForkJoinPool.runWorker(ForkJoinPool.java:1979) [scala-library-2.11.1.jar:na]
	at scala.concurrent.forkjoin.ForkJoinWorkerThread.run(ForkJoinWorkerThread.java:107) [scala-library-2.11.1.jar:na]
Caused by: java.lang.NullPointerException: null
	at scala.collection.convert.Wrappers$JListWrapper.iterator(Wrappers.scala:88) ~[scala-library-2.11.1.jar:na]
	at scala.collection.IterableLike$class.foreach(IterableLike.scala:72) ~[scala-library-2.11.1.jar:na]
	at scala.collection.AbstractIterable.foreach(Iterable.scala:54) ~[scala-library-2.11.1.jar:na]
	at scala.collection.TraversableLike$class.map(TraversableLike.scala:245) ~[scala-library-2.11.1.jar:na]
	at scala.collection.AbstractTraversable.map(Traversable.scala:104) ~[scala-library-2.11.1.jar:na]
	at views.html.exercises$.apply(exercises.template.scala:46) ~[classes/:na]
	at views.html.exercises$.render(exercises.template.scala:54) ~[classes/:na]
	at views.html.exercises.render(exercises.template.scala) ~[classes/:na]
	at controllers.Application.listAllExercises(Application.java:30) ~[classes/:na]
	at Routes$$anonfun$routes$1$$anonfun$applyOrElse$2$$anonfun$apply$2.apply(routes_routing.scala:123) ~[classes/:na]
	at Routes$$anonfun$routes$1$$anonfun$applyOrElse$2$$anonfun$apply$2.apply(routes_routing.scala:123) ~[classes/:na]
	at play.core.Router$HandlerInvokerFactory$$anon$4.resultCall(Router.scala:264) ~[play_2.11-2.3.7.jar:2.3.7]
	at play.core.Router$HandlerInvokerFactory$JavaActionInvokerFactory$$anon$15$$anon$1.invocation(Router.scala:255) ~[play_2.11-2.3.7.jar:2.3.7]
	at play.core.j.JavaAction$$anon$1.call(JavaAction.scala:55) ~[play_2.11-2.3.7.jar:2.3.7]
	at play.core.j.JavaAction$$anonfun$11.apply(JavaAction.scala:82) ~[play_2.11-2.3.7.jar:2.3.7]
	at play.core.j.JavaAction$$anonfun$11.apply(JavaAction.scala:82) ~[play_2.11-2.3.7.jar:2.3.7]
	at scala.concurrent.impl.Future$PromiseCompletingRunnable.liftedTree1$1(Future.scala:24) [scala-library-2.11.1.jar:na]
	at scala.concurrent.impl.Future$PromiseCompletingRunnable.run(Future.scala:24) [scala-library-2.11.1.jar:na]
	at play.core.j.HttpExecutionContext$$anon$2.run(HttpExecutionContext.scala:40) ~[play_2.11-2.3.7.jar:2.3.7]
	at play.api.libs.iteratee.Execution$trampoline$.execute(Execution.scala:46) [play-iteratees_2.11-2.3.7.jar:2.3.7]
	at play.core.j.HttpExecutionContext.execute(HttpExecutionContext.scala:32) ~[play_2.11-2.3.7.jar:2.3.7]
	at scala.concurrent.impl.Future$.apply(Future.scala:31) ~[scala-library-2.11.1.jar:na]
	at scala.concurrent.Future$.apply(Future.scala:492) ~[scala-library-2.11.1.jar:na]
	at play.core.j.JavaAction$class.apply(JavaAction.scala:82) ~[play_2.11-2.3.7.jar:2.3.7]
	at play.core.Router$HandlerInvokerFactory$JavaActionInvokerFactory$$anon$15$$anon$1.apply(Router.scala:252) ~[play_2.11-2.3.7.jar:2.3.7]
	at play.api.mvc.Action$$anonfun$apply$1$$anonfun$apply$4$$anonfun$apply$5.apply(Action.scala:130) ~[play_2.11-2.3.7.jar:2.3.7]
	at play.api.mvc.Action$$anonfun$apply$1$$anonfun$apply$4$$anonfun$apply$5.apply(Action.scala:130) ~[play_2.11-2.3.7.jar:2.3.7]
	at play.utils.Threads$.withContextClassLoader(Threads.scala:21) ~[play_2.11-2.3.7.jar:2.3.7]
	at play.api.mvc.Action$$anonfun$apply$1$$anonfun$apply$4.apply(Action.scala:129) ~[play_2.11-2.3.7.jar:2.3.7]
	at play.api.mvc.Action$$anonfun$apply$1$$anonfun$apply$4.apply(Action.scala:128) ~[play_2.11-2.3.7.jar:2.3.7]
	at scala.Option.map(Option.scala:145) [scala-library-2.11.1.jar:na]
	at play.api.mvc.Action$$anonfun$apply$1.apply(Action.scala:128) ~[play_2.11-2.3.7.jar:2.3.7]
	at play.api.mvc.Action$$anonfun$apply$1.apply(Action.scala:121) ~[play_2.11-2.3.7.jar:2.3.7]
	at play.api.libs.iteratee.Iteratee$$anonfun$mapM$1.apply(Iteratee.scala:483) ~[play-iteratees_2.11-2.3.7.jar:2.3.7]
	at play.api.libs.iteratee.Iteratee$$anonfun$mapM$1.apply(Iteratee.scala:483) ~[play-iteratees_2.11-2.3.7.jar:2.3.7]
	at play.api.libs.iteratee.Iteratee$$anonfun$flatMapM$1.apply(Iteratee.scala:519) ~[play-iteratees_2.11-2.3.7.jar:2.3.7]
	at play.api.libs.iteratee.Iteratee$$anonfun$flatMapM$1.apply(Iteratee.scala:519) ~[play-iteratees_2.11-2.3.7.jar:2.3.7]
	at play.api.libs.iteratee.Iteratee$$anonfun$flatMap$1$$anonfun$apply$14.apply(Iteratee.scala:496) ~[play-iteratees_2.11-2.3.7.jar:2.3.7]
	at play.api.libs.iteratee.Iteratee$$anonfun$flatMap$1$$anonfun$apply$14.apply(Iteratee.scala:496) ~[play-iteratees_2.11-2.3.7.jar:2.3.7]
	at scala.concurrent.impl.Future$PromiseCompletingRunnable.liftedTree1$1(Future.scala:24) [scala-library-2.11.1.jar:na]
	at scala.concurrent.impl.Future$PromiseCompletingRunnable.run(Future.scala:24) [scala-library-2.11.1.jar:na]
	... 6 common frames omitted

2015-01-10 17:12:35,270 - [INFO] - from play in play-internal-execution-context-1 
database [default] connected at jdbc:postgresql://localhost/workout-organizer

2015-01-10 17:12:35,275 - [INFO] - from play in play-internal-execution-context-1 
Application started (Dev)

2015-01-10 17:12:35,283 - [ERROR] - from play in play-akka.actor.default-dispatcher-33 
Cannot invoke the action, eventually got an error: java.lang.NullPointerException

2015-01-10 17:12:35,287 - [ERROR] - from application in play-akka.actor.default-dispatcher-33 


! @6knh1em63 - Internal server error, for (GET) [/exercises] ->

play.api.Application$$anon$1: Execution exception[[NullPointerException: null]]
	at play.api.Application$class.handleError(Application.scala:296) ~[play_2.11-2.3.7.jar:2.3.7]
	at play.api.DefaultApplication.handleError(Application.scala:402) [play_2.11-2.3.7.jar:2.3.7]
	at play.core.server.netty.PlayDefaultUpstreamHandler$$anonfun$3$$anonfun$applyOrElse$4.apply(PlayDefaultUpstreamHandler.scala:320) [play_2.11-2.3.7.jar:2.3.7]
	at play.core.server.netty.PlayDefaultUpstreamHandler$$anonfun$3$$anonfun$applyOrElse$4.apply(PlayDefaultUpstreamHandler.scala:320) [play_2.11-2.3.7.jar:2.3.7]
	at scala.Option.map(Option.scala:145) [scala-library-2.11.1.jar:na]
	at play.core.server.netty.PlayDefaultUpstreamHandler$$anonfun$3.applyOrElse(PlayDefaultUpstreamHandler.scala:320) [play_2.11-2.3.7.jar:2.3.7]
	at play.core.server.netty.PlayDefaultUpstreamHandler$$anonfun$3.applyOrElse(PlayDefaultUpstreamHandler.scala:316) [play_2.11-2.3.7.jar:2.3.7]
	at scala.concurrent.Future$$anonfun$recoverWith$1.apply(Future.scala:344) [scala-library-2.11.1.jar:na]
	at scala.concurrent.Future$$anonfun$recoverWith$1.apply(Future.scala:343) [scala-library-2.11.1.jar:na]
	at scala.concurrent.impl.CallbackRunnable.run(Promise.scala:32) [scala-library-2.11.1.jar:na]
	at play.api.libs.iteratee.Execution$trampoline$.execute(Execution.scala:46) [play-iteratees_2.11-2.3.7.jar:2.3.7]
	at scala.concurrent.impl.CallbackRunnable.executeWithValue(Promise.scala:40) [scala-library-2.11.1.jar:na]
	at scala.concurrent.impl.Promise$DefaultPromise.tryComplete(Promise.scala:248) [scala-library-2.11.1.jar:na]
	at scala.concurrent.Promise$class.complete(Promise.scala:55) [scala-library-2.11.1.jar:na]
	at scala.concurrent.impl.Promise$DefaultPromise.complete(Promise.scala:153) [scala-library-2.11.1.jar:na]
	at scala.concurrent.impl.Future$PromiseCompletingRunnable.run(Future.scala:23) [scala-library-2.11.1.jar:na]
	at akka.dispatch.TaskInvocation.run(AbstractDispatcher.scala:41) [akka-actor_2.11-2.3.4.jar:na]
	at akka.dispatch.ForkJoinExecutorConfigurator$AkkaForkJoinTask.exec(AbstractDispatcher.scala:393) [akka-actor_2.11-2.3.4.jar:na]
	at scala.concurrent.forkjoin.ForkJoinTask.doExec(ForkJoinTask.java:260) [scala-library-2.11.1.jar:na]
	at scala.concurrent.forkjoin.ForkJoinPool$WorkQueue.runTask(ForkJoinPool.java:1339) [scala-library-2.11.1.jar:na]
	at scala.concurrent.forkjoin.ForkJoinPool.runWorker(ForkJoinPool.java:1979) [scala-library-2.11.1.jar:na]
	at scala.concurrent.forkjoin.ForkJoinWorkerThread.run(ForkJoinWorkerThread.java:107) [scala-library-2.11.1.jar:na]
Caused by: java.lang.NullPointerException: null
	at scala.collection.convert.Wrappers$JListWrapper.iterator(Wrappers.scala:88) ~[scala-library-2.11.1.jar:na]
	at scala.collection.IterableLike$class.foreach(IterableLike.scala:72) ~[scala-library-2.11.1.jar:na]
	at scala.collection.AbstractIterable.foreach(Iterable.scala:54) ~[scala-library-2.11.1.jar:na]
	at scala.collection.TraversableLike$class.map(TraversableLike.scala:245) ~[scala-library-2.11.1.jar:na]
	at scala.collection.AbstractTraversable.map(Traversable.scala:104) ~[scala-library-2.11.1.jar:na]
	at views.html.exercises$.apply(exercises.template.scala:46) ~[classes/:na]
	at views.html.exercises$.render(exercises.template.scala:54) ~[classes/:na]
	at views.html.exercises.render(exercises.template.scala) ~[classes/:na]
	at controllers.Application.listAllExercises(Application.java:30) ~[classes/:na]
	at Routes$$anonfun$routes$1$$anonfun$applyOrElse$2$$anonfun$apply$2.apply(routes_routing.scala:123) ~[classes/:na]
	at Routes$$anonfun$routes$1$$anonfun$applyOrElse$2$$anonfun$apply$2.apply(routes_routing.scala:123) ~[classes/:na]
	at play.core.Router$HandlerInvokerFactory$$anon$4.resultCall(Router.scala:264) ~[play_2.11-2.3.7.jar:2.3.7]
	at play.core.Router$HandlerInvokerFactory$JavaActionInvokerFactory$$anon$15$$anon$1.invocation(Router.scala:255) ~[play_2.11-2.3.7.jar:2.3.7]
	at play.core.j.JavaAction$$anon$1.call(JavaAction.scala:55) ~[play_2.11-2.3.7.jar:2.3.7]
	at play.core.j.JavaAction$$anonfun$11.apply(JavaAction.scala:82) ~[play_2.11-2.3.7.jar:2.3.7]
	at play.core.j.JavaAction$$anonfun$11.apply(JavaAction.scala:82) ~[play_2.11-2.3.7.jar:2.3.7]
	at scala.concurrent.impl.Future$PromiseCompletingRunnable.liftedTree1$1(Future.scala:24) [scala-library-2.11.1.jar:na]
	at scala.concurrent.impl.Future$PromiseCompletingRunnable.run(Future.scala:24) [scala-library-2.11.1.jar:na]
	at play.core.j.HttpExecutionContext$$anon$2.run(HttpExecutionContext.scala:40) ~[play_2.11-2.3.7.jar:2.3.7]
	at play.api.libs.iteratee.Execution$trampoline$.execute(Execution.scala:46) [play-iteratees_2.11-2.3.7.jar:2.3.7]
	at play.core.j.HttpExecutionContext.execute(HttpExecutionContext.scala:32) ~[play_2.11-2.3.7.jar:2.3.7]
	at scala.concurrent.impl.Future$.apply(Future.scala:31) ~[scala-library-2.11.1.jar:na]
	at scala.concurrent.Future$.apply(Future.scala:492) ~[scala-library-2.11.1.jar:na]
	at play.core.j.JavaAction$class.apply(JavaAction.scala:82) ~[play_2.11-2.3.7.jar:2.3.7]
	at play.core.Router$HandlerInvokerFactory$JavaActionInvokerFactory$$anon$15$$anon$1.apply(Router.scala:252) ~[play_2.11-2.3.7.jar:2.3.7]
	at play.api.mvc.Action$$anonfun$apply$1$$anonfun$apply$4$$anonfun$apply$5.apply(Action.scala:130) ~[play_2.11-2.3.7.jar:2.3.7]
	at play.api.mvc.Action$$anonfun$apply$1$$anonfun$apply$4$$anonfun$apply$5.apply(Action.scala:130) ~[play_2.11-2.3.7.jar:2.3.7]
	at play.utils.Threads$.withContextClassLoader(Threads.scala:21) ~[play_2.11-2.3.7.jar:2.3.7]
	at play.api.mvc.Action$$anonfun$apply$1$$anonfun$apply$4.apply(Action.scala:129) ~[play_2.11-2.3.7.jar:2.3.7]
	at play.api.mvc.Action$$anonfun$apply$1$$anonfun$apply$4.apply(Action.scala:128) ~[play_2.11-2.3.7.jar:2.3.7]
	at scala.Option.map(Option.scala:145) [scala-library-2.11.1.jar:na]
	at play.api.mvc.Action$$anonfun$apply$1.apply(Action.scala:128) ~[play_2.11-2.3.7.jar:2.3.7]
	at play.api.mvc.Action$$anonfun$apply$1.apply(Action.scala:121) ~[play_2.11-2.3.7.jar:2.3.7]
	at play.api.libs.iteratee.Iteratee$$anonfun$mapM$1.apply(Iteratee.scala:483) ~[play-iteratees_2.11-2.3.7.jar:2.3.7]
	at play.api.libs.iteratee.Iteratee$$anonfun$mapM$1.apply(Iteratee.scala:483) ~[play-iteratees_2.11-2.3.7.jar:2.3.7]
	at play.api.libs.iteratee.Iteratee$$anonfun$flatMapM$1.apply(Iteratee.scala:519) ~[play-iteratees_2.11-2.3.7.jar:2.3.7]
	at play.api.libs.iteratee.Iteratee$$anonfun$flatMapM$1.apply(Iteratee.scala:519) ~[play-iteratees_2.11-2.3.7.jar:2.3.7]
	at play.api.libs.iteratee.Iteratee$$anonfun$flatMap$1$$anonfun$apply$14.apply(Iteratee.scala:496) ~[play-iteratees_2.11-2.3.7.jar:2.3.7]
	at play.api.libs.iteratee.Iteratee$$anonfun$flatMap$1$$anonfun$apply$14.apply(Iteratee.scala:496) ~[play-iteratees_2.11-2.3.7.jar:2.3.7]
	at scala.concurrent.impl.Future$PromiseCompletingRunnable.liftedTree1$1(Future.scala:24) [scala-library-2.11.1.jar:na]
	at scala.concurrent.impl.Future$PromiseCompletingRunnable.run(Future.scala:24) [scala-library-2.11.1.jar:na]
	... 6 common frames omitted

2015-01-10 17:12:37,887 - [ERROR] - from play in play-akka.actor.default-dispatcher-33 
Cannot invoke the action, eventually got an error: java.lang.NullPointerException

2015-01-10 17:12:37,890 - [ERROR] - from application in play-akka.actor.default-dispatcher-33 


! @6knh1f026 - Internal server error, for (GET) [/exercises] ->

play.api.Application$$anon$1: Execution exception[[NullPointerException: null]]
	at play.api.Application$class.handleError(Application.scala:296) ~[play_2.11-2.3.7.jar:2.3.7]
	at play.api.DefaultApplication.handleError(Application.scala:402) [play_2.11-2.3.7.jar:2.3.7]
	at play.core.server.netty.PlayDefaultUpstreamHandler$$anonfun$3$$anonfun$applyOrElse$4.apply(PlayDefaultUpstreamHandler.scala:320) [play_2.11-2.3.7.jar:2.3.7]
	at play.core.server.netty.PlayDefaultUpstreamHandler$$anonfun$3$$anonfun$applyOrElse$4.apply(PlayDefaultUpstreamHandler.scala:320) [play_2.11-2.3.7.jar:2.3.7]
	at scala.Option.map(Option.scala:145) [scala-library-2.11.1.jar:na]
	at play.core.server.netty.PlayDefaultUpstreamHandler$$anonfun$3.applyOrElse(PlayDefaultUpstreamHandler.scala:320) [play_2.11-2.3.7.jar:2.3.7]
	at play.core.server.netty.PlayDefaultUpstreamHandler$$anonfun$3.applyOrElse(PlayDefaultUpstreamHandler.scala:316) [play_2.11-2.3.7.jar:2.3.7]
	at scala.concurrent.Future$$anonfun$recoverWith$1.apply(Future.scala:344) [scala-library-2.11.1.jar:na]
	at scala.concurrent.Future$$anonfun$recoverWith$1.apply(Future.scala:343) [scala-library-2.11.1.jar:na]
	at scala.concurrent.impl.CallbackRunnable.run(Promise.scala:32) [scala-library-2.11.1.jar:na]
	at play.api.libs.iteratee.Execution$trampoline$.execute(Execution.scala:46) [play-iteratees_2.11-2.3.7.jar:2.3.7]
	at scala.concurrent.impl.CallbackRunnable.executeWithValue(Promise.scala:40) [scala-library-2.11.1.jar:na]
	at scala.concurrent.impl.Promise$DefaultPromise.tryComplete(Promise.scala:248) [scala-library-2.11.1.jar:na]
	at scala.concurrent.Promise$class.complete(Promise.scala:55) [scala-library-2.11.1.jar:na]
	at scala.concurrent.impl.Promise$DefaultPromise.complete(Promise.scala:153) [scala-library-2.11.1.jar:na]
	at scala.concurrent.impl.Future$PromiseCompletingRunnable.run(Future.scala:23) [scala-library-2.11.1.jar:na]
	at akka.dispatch.TaskInvocation.run(AbstractDispatcher.scala:41) [akka-actor_2.11-2.3.4.jar:na]
	at akka.dispatch.ForkJoinExecutorConfigurator$AkkaForkJoinTask.exec(AbstractDispatcher.scala:393) [akka-actor_2.11-2.3.4.jar:na]
	at scala.concurrent.forkjoin.ForkJoinTask.doExec(ForkJoinTask.java:260) [scala-library-2.11.1.jar:na]
	at scala.concurrent.forkjoin.ForkJoinPool$WorkQueue.runTask(ForkJoinPool.java:1339) [scala-library-2.11.1.jar:na]
	at scala.concurrent.forkjoin.ForkJoinPool.runWorker(ForkJoinPool.java:1979) [scala-library-2.11.1.jar:na]
	at scala.concurrent.forkjoin.ForkJoinWorkerThread.run(ForkJoinWorkerThread.java:107) [scala-library-2.11.1.jar:na]
Caused by: java.lang.NullPointerException: null
	at scala.collection.convert.Wrappers$JListWrapper.iterator(Wrappers.scala:88) ~[scala-library-2.11.1.jar:na]
	at scala.collection.IterableLike$class.foreach(IterableLike.scala:72) ~[scala-library-2.11.1.jar:na]
	at scala.collection.AbstractIterable.foreach(Iterable.scala:54) ~[scala-library-2.11.1.jar:na]
	at scala.collection.TraversableLike$class.map(TraversableLike.scala:245) ~[scala-library-2.11.1.jar:na]
	at scala.collection.AbstractTraversable.map(Traversable.scala:104) ~[scala-library-2.11.1.jar:na]
	at views.html.exercises$.apply(exercises.template.scala:46) ~[classes/:na]
	at views.html.exercises$.render(exercises.template.scala:54) ~[classes/:na]
	at views.html.exercises.render(exercises.template.scala) ~[classes/:na]
	at controllers.Application.listAllExercises(Application.java:30) ~[classes/:na]
	at Routes$$anonfun$routes$1$$anonfun$applyOrElse$2$$anonfun$apply$2.apply(routes_routing.scala:123) ~[classes/:na]
	at Routes$$anonfun$routes$1$$anonfun$applyOrElse$2$$anonfun$apply$2.apply(routes_routing.scala:123) ~[classes/:na]
	at play.core.Router$HandlerInvokerFactory$$anon$4.resultCall(Router.scala:264) ~[play_2.11-2.3.7.jar:2.3.7]
	at play.core.Router$HandlerInvokerFactory$JavaActionInvokerFactory$$anon$15$$anon$1.invocation(Router.scala:255) ~[play_2.11-2.3.7.jar:2.3.7]
	at play.core.j.JavaAction$$anon$1.call(JavaAction.scala:55) ~[play_2.11-2.3.7.jar:2.3.7]
	at play.core.j.JavaAction$$anonfun$11.apply(JavaAction.scala:82) ~[play_2.11-2.3.7.jar:2.3.7]
	at play.core.j.JavaAction$$anonfun$11.apply(JavaAction.scala:82) ~[play_2.11-2.3.7.jar:2.3.7]
	at scala.concurrent.impl.Future$PromiseCompletingRunnable.liftedTree1$1(Future.scala:24) [scala-library-2.11.1.jar:na]
	at scala.concurrent.impl.Future$PromiseCompletingRunnable.run(Future.scala:24) [scala-library-2.11.1.jar:na]
	at play.core.j.HttpExecutionContext$$anon$2.run(HttpExecutionContext.scala:40) ~[play_2.11-2.3.7.jar:2.3.7]
	at play.api.libs.iteratee.Execution$trampoline$.execute(Execution.scala:46) [play-iteratees_2.11-2.3.7.jar:2.3.7]
	at play.core.j.HttpExecutionContext.execute(HttpExecutionContext.scala:32) ~[play_2.11-2.3.7.jar:2.3.7]
	at scala.concurrent.impl.Future$.apply(Future.scala:31) ~[scala-library-2.11.1.jar:na]
	at scala.concurrent.Future$.apply(Future.scala:492) ~[scala-library-2.11.1.jar:na]
	at play.core.j.JavaAction$class.apply(JavaAction.scala:82) ~[play_2.11-2.3.7.jar:2.3.7]
	at play.core.Router$HandlerInvokerFactory$JavaActionInvokerFactory$$anon$15$$anon$1.apply(Router.scala:252) ~[play_2.11-2.3.7.jar:2.3.7]
	at play.api.mvc.Action$$anonfun$apply$1$$anonfun$apply$4$$anonfun$apply$5.apply(Action.scala:130) ~[play_2.11-2.3.7.jar:2.3.7]
	at play.api.mvc.Action$$anonfun$apply$1$$anonfun$apply$4$$anonfun$apply$5.apply(Action.scala:130) ~[play_2.11-2.3.7.jar:2.3.7]
	at play.utils.Threads$.withContextClassLoader(Threads.scala:21) ~[play_2.11-2.3.7.jar:2.3.7]
	at play.api.mvc.Action$$anonfun$apply$1$$anonfun$apply$4.apply(Action.scala:129) ~[play_2.11-2.3.7.jar:2.3.7]
	at play.api.mvc.Action$$anonfun$apply$1$$anonfun$apply$4.apply(Action.scala:128) ~[play_2.11-2.3.7.jar:2.3.7]
	at scala.Option.map(Option.scala:145) [scala-library-2.11.1.jar:na]
	at play.api.mvc.Action$$anonfun$apply$1.apply(Action.scala:128) ~[play_2.11-2.3.7.jar:2.3.7]
	at play.api.mvc.Action$$anonfun$apply$1.apply(Action.scala:121) ~[play_2.11-2.3.7.jar:2.3.7]
	at play.api.libs.iteratee.Iteratee$$anonfun$mapM$1.apply(Iteratee.scala:483) ~[play-iteratees_2.11-2.3.7.jar:2.3.7]
	at play.api.libs.iteratee.Iteratee$$anonfun$mapM$1.apply(Iteratee.scala:483) ~[play-iteratees_2.11-2.3.7.jar:2.3.7]
	at play.api.libs.iteratee.Iteratee$$anonfun$flatMapM$1.apply(Iteratee.scala:519) ~[play-iteratees_2.11-2.3.7.jar:2.3.7]
	at play.api.libs.iteratee.Iteratee$$anonfun$flatMapM$1.apply(Iteratee.scala:519) ~[play-iteratees_2.11-2.3.7.jar:2.3.7]
	at play.api.libs.iteratee.Iteratee$$anonfun$flatMap$1$$anonfun$apply$14.apply(Iteratee.scala:496) ~[play-iteratees_2.11-2.3.7.jar:2.3.7]
	at play.api.libs.iteratee.Iteratee$$anonfun$flatMap$1$$anonfun$apply$14.apply(Iteratee.scala:496) ~[play-iteratees_2.11-2.3.7.jar:2.3.7]
	at scala.concurrent.impl.Future$PromiseCompletingRunnable.liftedTree1$1(Future.scala:24) [scala-library-2.11.1.jar:na]
	at scala.concurrent.impl.Future$PromiseCompletingRunnable.run(Future.scala:24) [scala-library-2.11.1.jar:na]
	... 6 common frames omitted

2015-01-10 17:12:57,388 - [INFO] - from play in play-internal-execution-context-1 
database [default] connected at jdbc:postgresql://localhost/workout-organizer

2015-01-10 17:12:57,391 - [INFO] - from play in play-internal-execution-context-1 
Application started (Dev)

2015-01-10 17:12:57,397 - [DEBUG] - from application in play-akka.actor.default-dispatcher-37 
Wyciskanie sztangi - płaska ławka

2015-01-10 17:14:30,142 - [INFO] - from play in play-internal-execution-context-1 
database [default] connected at jdbc:postgresql://localhost/workout-organizer

2015-01-10 17:14:30,148 - [INFO] - from play in play-internal-execution-context-1 
Application started (Dev)

2015-01-10 17:14:30,157 - [DEBUG] - from application in play-akka.actor.default-dispatcher-37 
Wyciskanie sztangi - płaska ławka

2015-01-10 17:14:46,920 - [INFO] - from play in play-internal-execution-context-1 
database [default] connected at jdbc:postgresql://localhost/workout-organizer

2015-01-10 17:14:46,924 - [INFO] - from play in play-internal-execution-context-1 
Application started (Dev)

2015-01-10 17:14:46,936 - [DEBUG] - from application in play-akka.actor.default-dispatcher-37 
Wyciskanie sztangi - płaska ławka

2015-01-10 17:14:46,937 - [DEBUG] - from application in play-akka.actor.default-dispatcher-37 
Wyciskanie sztangi - incline

2015-01-10 17:14:46,937 - [DEBUG] - from application in play-akka.actor.default-dispatcher-37 
Wyciskanie sztangi - decline

2015-01-10 17:14:46,937 - [DEBUG] - from application in play-akka.actor.default-dispatcher-37 
Martwy ciąg

2015-01-10 17:14:46,937 - [DEBUG] - from application in play-akka.actor.default-dispatcher-37 
Arnoldki

2015-01-10 17:14:46,937 - [DEBUG] - from application in play-akka.actor.default-dispatcher-37 
Wyciskanie żołnierskie

2015-01-10 17:14:46,937 - [DEBUG] - from application in play-akka.actor.default-dispatcher-37 
Przysiady

2015-01-10 17:14:46,937 - [DEBUG] - from application in play-akka.actor.default-dispatcher-37 
Uginanie sztangi

2015-01-10 17:14:46,937 - [DEBUG] - from application in play-akka.actor.default-dispatcher-37 
Uginanie hantli z supinacją

2015-01-10 17:14:46,937 - [DEBUG] - from application in play-akka.actor.default-dispatcher-37 
Francuskie wyciskanie

2015-01-10 17:14:46,937 - [DEBUG] - from application in play-akka.actor.default-dispatcher-37 
Podciąganie

2015-01-10 17:14:46,937 - [DEBUG] - from application in play-akka.actor.default-dispatcher-37 
Wspinanie na palce

2015-01-10 17:30:10,972 - [INFO] - from play in play-internal-execution-context-1 
database [default] connected at jdbc:postgresql://localhost/workout-organizer

2015-01-10 17:30:10,976 - [INFO] - from play in play-internal-execution-context-1 
Application started (Dev)

2015-01-10 17:30:34,766 - [INFO] - from play in play-internal-execution-context-1 
database [default] connected at jdbc:postgresql://localhost/workout-organizer

2015-01-10 17:30:34,769 - [INFO] - from play in play-internal-execution-context-1 
Application started (Dev)

2015-01-10 17:30:37,015 - [DEBUG] - from application in play-akka.actor.default-dispatcher-37 
Wyciskanie sztangi - płaska ławka

2015-01-10 17:30:37,020 - [DEBUG] - from application in play-akka.actor.default-dispatcher-37 
Wyciskanie sztangi - incline

2015-01-10 17:30:37,020 - [DEBUG] - from application in play-akka.actor.default-dispatcher-37 
Wyciskanie sztangi - decline

2015-01-10 17:30:37,020 - [DEBUG] - from application in play-akka.actor.default-dispatcher-37 
Martwy ciąg

2015-01-10 17:30:37,020 - [DEBUG] - from application in play-akka.actor.default-dispatcher-37 
Arnoldki

2015-01-10 17:30:37,020 - [DEBUG] - from application in play-akka.actor.default-dispatcher-37 
Wyciskanie żołnierskie

2015-01-10 17:30:37,020 - [DEBUG] - from application in play-akka.actor.default-dispatcher-37 
Przysiady

2015-01-10 17:30:37,020 - [DEBUG] - from application in play-akka.actor.default-dispatcher-37 
Uginanie sztangi

2015-01-10 17:30:37,020 - [DEBUG] - from application in play-akka.actor.default-dispatcher-37 
Uginanie hantli z supinacją

2015-01-10 17:30:37,020 - [DEBUG] - from application in play-akka.actor.default-dispatcher-37 
Francuskie wyciskanie

2015-01-10 17:30:37,020 - [DEBUG] - from application in play-akka.actor.default-dispatcher-37 
Podciąganie

2015-01-10 17:30:37,020 - [DEBUG] - from application in play-akka.actor.default-dispatcher-37 
Wspinanie na palce

2015-01-10 17:32:53,175 - [ERROR] - from application in New I/O worker #10 


! @6knh463ln - Internal server error, for (GET) [/home] ->

play.PlayExceptions$CompilationException: Compilation error[not enough arguments for method apply: (title: String, activeNavbar: String)(content: play.twirl.api.Html)play.twirl.api.HtmlFormat.Appendable in object main.
Unspecified value parameter activeNavbar.]
	at play.PlayExceptions$CompilationException$.apply(PlayExceptions.scala:27) ~[na:na]
	at play.PlayExceptions$CompilationException$.apply(PlayExceptions.scala:27) ~[na:na]
	at scala.Option.map(Option.scala:145) ~[scala-library-2.11.1.jar:na]
	at play.PlayReloader$$anon$1$$anonfun$play$PlayReloader$$anon$$taskFailureHandler$1.apply(PlayReloader.scala:235) ~[na:na]
	at play.PlayReloader$$anon$1$$anonfun$play$PlayReloader$$anon$$taskFailureHandler$1.apply(PlayReloader.scala:230) ~[na:na]
	at scala.Option.map(Option.scala:145) ~[scala-library-2.11.1.jar:na]
	at play.PlayReloader$$anon$1.play$PlayReloader$$anon$$taskFailureHandler(PlayReloader.scala:230) ~[na:na]
	at play.PlayReloader$$anon$1$$anonfun$reload$2.apply(PlayReloader.scala:90) ~[na:na]
	at play.PlayReloader$$anon$1$$anonfun$reload$2.apply(PlayReloader.scala:90) ~[na:na]
	at scala.util.Either$LeftProjection.map(Either.scala:377) ~[scala-library-2.11.1.jar:na]
	at play.PlayReloader$$anon$1.reload(PlayReloader.scala:90) ~[na:na]
	at play.core.ReloadableApplication$$anonfun$get$1.apply(ApplicationProvider.scala:122) ~[play_2.11-2.3.7.jar:2.3.7]
	at play.core.ReloadableApplication$$anonfun$get$1.apply(ApplicationProvider.scala:120) ~[play_2.11-2.3.7.jar:2.3.7]
	at scala.concurrent.impl.Future$PromiseCompletingRunnable.liftedTree1$1(Future.scala:24) ~[scala-library-2.11.1.jar:na]
	at scala.concurrent.impl.Future$PromiseCompletingRunnable.run(Future.scala:24) ~[scala-library-2.11.1.jar:na]
	at scala.concurrent.forkjoin.ForkJoinTask$AdaptedRunnableAction.exec(ForkJoinTask.java:1361) ~[scala-library-2.11.1.jar:na]
	at scala.concurrent.forkjoin.ForkJoinTask.doExec(ForkJoinTask.java:260) ~[scala-library-2.11.1.jar:na]
	at scala.concurrent.forkjoin.ForkJoinPool$WorkQueue.runTask(ForkJoinPool.java:1339) ~[scala-library-2.11.1.jar:na]
	at scala.concurrent.forkjoin.ForkJoinPool.runWorker(ForkJoinPool.java:1979) ~[scala-library-2.11.1.jar:na]
	at scala.concurrent.forkjoin.ForkJoinWorkerThread.run(ForkJoinWorkerThread.java:107) ~[scala-library-2.11.1.jar:na]

2015-01-10 17:33:20,183 - [ERROR] - from application in New I/O worker #10 


! @6knh47hkh - Internal server error, for (GET) [/home] ->

play.PlayExceptions$CompilationException: Compilation error[error: method render in class index cannot be applied to given types;]
	at play.PlayExceptions$CompilationException$.apply(PlayExceptions.scala:27) ~[na:na]
	at play.PlayExceptions$CompilationException$.apply(PlayExceptions.scala:27) ~[na:na]
	at scala.Option.map(Option.scala:145) ~[scala-library-2.11.1.jar:na]
	at play.PlayReloader$$anon$1$$anonfun$play$PlayReloader$$anon$$taskFailureHandler$1.apply(PlayReloader.scala:235) ~[na:na]
	at play.PlayReloader$$anon$1$$anonfun$play$PlayReloader$$anon$$taskFailureHandler$1.apply(PlayReloader.scala:230) ~[na:na]
	at scala.Option.map(Option.scala:145) ~[scala-library-2.11.1.jar:na]
	at play.PlayReloader$$anon$1.play$PlayReloader$$anon$$taskFailureHandler(PlayReloader.scala:230) ~[na:na]
	at play.PlayReloader$$anon$1$$anonfun$reload$2.apply(PlayReloader.scala:90) ~[na:na]
	at play.PlayReloader$$anon$1$$anonfun$reload$2.apply(PlayReloader.scala:90) ~[na:na]
	at scala.util.Either$LeftProjection.map(Either.scala:377) ~[scala-library-2.11.1.jar:na]
	at play.PlayReloader$$anon$1.reload(PlayReloader.scala:90) ~[na:na]
	at play.core.ReloadableApplication$$anonfun$get$1.apply(ApplicationProvider.scala:122) ~[play_2.11-2.3.7.jar:2.3.7]
	at play.core.ReloadableApplication$$anonfun$get$1.apply(ApplicationProvider.scala:120) ~[play_2.11-2.3.7.jar:2.3.7]
	at scala.concurrent.impl.Future$PromiseCompletingRunnable.liftedTree1$1(Future.scala:24) ~[scala-library-2.11.1.jar:na]
	at scala.concurrent.impl.Future$PromiseCompletingRunnable.run(Future.scala:24) ~[scala-library-2.11.1.jar:na]
	at scala.concurrent.forkjoin.ForkJoinTask$AdaptedRunnableAction.exec(ForkJoinTask.java:1361) ~[scala-library-2.11.1.jar:na]
	at scala.concurrent.forkjoin.ForkJoinTask.doExec(ForkJoinTask.java:260) ~[scala-library-2.11.1.jar:na]
	at scala.concurrent.forkjoin.ForkJoinPool$WorkQueue.runTask(ForkJoinPool.java:1339) ~[scala-library-2.11.1.jar:na]
	at scala.concurrent.forkjoin.ForkJoinPool.runWorker(ForkJoinPool.java:1979) ~[scala-library-2.11.1.jar:na]
	at scala.concurrent.forkjoin.ForkJoinWorkerThread.run(ForkJoinWorkerThread.java:107) ~[scala-library-2.11.1.jar:na]

2015-01-10 17:33:24,213 - [ERROR] - from application in New I/O worker #10 


! @6knh47nji - Internal server error, for (GET) [/home] ->

play.PlayExceptions$CompilationException: Compilation error[error: method render in class index cannot be applied to given types;]
	at play.PlayExceptions$CompilationException$.apply(PlayExceptions.scala:27) ~[na:na]
	at play.PlayExceptions$CompilationException$.apply(PlayExceptions.scala:27) ~[na:na]
	at scala.Option.map(Option.scala:145) ~[scala-library-2.11.1.jar:na]
	at play.PlayReloader$$anon$1$$anonfun$play$PlayReloader$$anon$$taskFailureHandler$1.apply(PlayReloader.scala:235) ~[na:na]
	at play.PlayReloader$$anon$1$$anonfun$play$PlayReloader$$anon$$taskFailureHandler$1.apply(PlayReloader.scala:230) ~[na:na]
	at scala.Option.map(Option.scala:145) ~[scala-library-2.11.1.jar:na]
	at play.PlayReloader$$anon$1.play$PlayReloader$$anon$$taskFailureHandler(PlayReloader.scala:230) ~[na:na]
	at play.PlayReloader$$anon$1$$anonfun$reload$2.apply(PlayReloader.scala:90) ~[na:na]
	at play.PlayReloader$$anon$1$$anonfun$reload$2.apply(PlayReloader.scala:90) ~[na:na]
	at scala.util.Either$LeftProjection.map(Either.scala:377) ~[scala-library-2.11.1.jar:na]
	at play.PlayReloader$$anon$1.reload(PlayReloader.scala:90) ~[na:na]
	at play.core.ReloadableApplication$$anonfun$get$1.apply(ApplicationProvider.scala:122) ~[play_2.11-2.3.7.jar:2.3.7]
	at play.core.ReloadableApplication$$anonfun$get$1.apply(ApplicationProvider.scala:120) ~[play_2.11-2.3.7.jar:2.3.7]
	at scala.concurrent.impl.Future$PromiseCompletingRunnable.liftedTree1$1(Future.scala:24) ~[scala-library-2.11.1.jar:na]
	at scala.concurrent.impl.Future$PromiseCompletingRunnable.run(Future.scala:24) ~[scala-library-2.11.1.jar:na]
	at scala.concurrent.forkjoin.ForkJoinTask$AdaptedRunnableAction.exec(ForkJoinTask.java:1361) ~[scala-library-2.11.1.jar:na]
	at scala.concurrent.forkjoin.ForkJoinTask.doExec(ForkJoinTask.java:260) ~[scala-library-2.11.1.jar:na]
	at scala.concurrent.forkjoin.ForkJoinPool$WorkQueue.runTask(ForkJoinPool.java:1339) ~[scala-library-2.11.1.jar:na]
	at scala.concurrent.forkjoin.ForkJoinPool.runWorker(ForkJoinPool.java:1979) ~[scala-library-2.11.1.jar:na]
	at scala.concurrent.forkjoin.ForkJoinWorkerThread.run(ForkJoinWorkerThread.java:107) ~[scala-library-2.11.1.jar:na]

2015-01-10 17:34:04,497 - [INFO] - from play in play-internal-execution-context-1 
database [default] connected at jdbc:postgresql://localhost/workout-organizer

2015-01-10 17:34:04,499 - [INFO] - from play in play-internal-execution-context-1 
Application started (Dev)

2015-01-10 17:34:10,986 - [DEBUG] - from application in play-akka.actor.default-dispatcher-37 
Wyciskanie sztangi - płaska ławka

2015-01-10 17:34:10,988 - [DEBUG] - from application in play-akka.actor.default-dispatcher-37 
Wyciskanie sztangi - incline

2015-01-10 17:34:10,988 - [DEBUG] - from application in play-akka.actor.default-dispatcher-37 
Wyciskanie sztangi - decline

2015-01-10 17:34:10,988 - [DEBUG] - from application in play-akka.actor.default-dispatcher-37 
Martwy ciąg

2015-01-10 17:34:10,988 - [DEBUG] - from application in play-akka.actor.default-dispatcher-37 
Arnoldki

2015-01-10 17:34:10,988 - [DEBUG] - from application in play-akka.actor.default-dispatcher-37 
Wyciskanie żołnierskie

2015-01-10 17:34:10,988 - [DEBUG] - from application in play-akka.actor.default-dispatcher-37 
Przysiady

2015-01-10 17:34:10,988 - [DEBUG] - from application in play-akka.actor.default-dispatcher-37 
Uginanie sztangi

2015-01-10 17:34:10,988 - [DEBUG] - from application in play-akka.actor.default-dispatcher-37 
Uginanie hantli z supinacją

2015-01-10 17:34:10,988 - [DEBUG] - from application in play-akka.actor.default-dispatcher-37 
Francuskie wyciskanie

2015-01-10 17:34:10,988 - [DEBUG] - from application in play-akka.actor.default-dispatcher-37 
Podciąganie

2015-01-10 17:34:10,988 - [DEBUG] - from application in play-akka.actor.default-dispatcher-37 
Wspinanie na palce

2015-01-10 17:43:50,142 - [ERROR] - from application in New I/O worker #1 


! @6knh5hdhn - Internal server error, for (GET) [/home] ->

play.PlayExceptions$CompilationException: Compilation error[':' expected but ')' found.]
	at play.PlayExceptions$CompilationException$.apply(PlayExceptions.scala:27) ~[na:na]
	at play.PlayExceptions$CompilationException$.apply(PlayExceptions.scala:27) ~[na:na]
	at scala.Option.map(Option.scala:145) ~[scala-library-2.11.1.jar:na]
	at play.PlayReloader$$anon$1$$anonfun$play$PlayReloader$$anon$$taskFailureHandler$1.apply(PlayReloader.scala:235) ~[na:na]
	at play.PlayReloader$$anon$1$$anonfun$play$PlayReloader$$anon$$taskFailureHandler$1.apply(PlayReloader.scala:230) ~[na:na]
	at scala.Option.map(Option.scala:145) ~[scala-library-2.11.1.jar:na]
	at play.PlayReloader$$anon$1.play$PlayReloader$$anon$$taskFailureHandler(PlayReloader.scala:230) ~[na:na]
	at play.PlayReloader$$anon$1$$anonfun$reload$2.apply(PlayReloader.scala:90) ~[na:na]
	at play.PlayReloader$$anon$1$$anonfun$reload$2.apply(PlayReloader.scala:90) ~[na:na]
	at scala.util.Either$LeftProjection.map(Either.scala:377) ~[scala-library-2.11.1.jar:na]
	at play.PlayReloader$$anon$1.reload(PlayReloader.scala:90) ~[na:na]
	at play.core.ReloadableApplication$$anonfun$get$1.apply(ApplicationProvider.scala:122) ~[play_2.11-2.3.7.jar:2.3.7]
	at play.core.ReloadableApplication$$anonfun$get$1.apply(ApplicationProvider.scala:120) ~[play_2.11-2.3.7.jar:2.3.7]
	at scala.concurrent.impl.Future$PromiseCompletingRunnable.liftedTree1$1(Future.scala:24) ~[scala-library-2.11.1.jar:na]
	at scala.concurrent.impl.Future$PromiseCompletingRunnable.run(Future.scala:24) ~[scala-library-2.11.1.jar:na]
	at scala.concurrent.forkjoin.ForkJoinTask$AdaptedRunnableAction.exec(ForkJoinTask.java:1361) ~[scala-library-2.11.1.jar:na]
	at scala.concurrent.forkjoin.ForkJoinTask.doExec(ForkJoinTask.java:260) ~[scala-library-2.11.1.jar:na]
	at scala.concurrent.forkjoin.ForkJoinPool$WorkQueue.runTask(ForkJoinPool.java:1339) ~[scala-library-2.11.1.jar:na]
	at scala.concurrent.forkjoin.ForkJoinPool.runWorker(ForkJoinPool.java:1979) ~[scala-library-2.11.1.jar:na]
	at scala.concurrent.forkjoin.ForkJoinWorkerThread.run(ForkJoinWorkerThread.java:107) ~[scala-library-2.11.1.jar:na]

2015-01-10 17:44:04,163 - [INFO] - from play in play-internal-execution-context-1 
database [default] connected at jdbc:postgresql://localhost/workout-organizer

2015-01-10 17:44:04,168 - [INFO] - from play in play-internal-execution-context-1 
Application started (Dev)

2015-01-10 17:44:55,480 - [INFO] - from play in play-internal-execution-context-1 
database [default] connected at jdbc:postgresql://localhost/workout-organizer

2015-01-10 17:44:55,484 - [INFO] - from play in play-internal-execution-context-1 
Application started (Dev)

2015-01-10 17:45:34,304 - [INFO] - from play in play-internal-execution-context-1 
database [default] connected at jdbc:postgresql://localhost/workout-organizer

2015-01-10 17:45:34,307 - [INFO] - from play in play-internal-execution-context-1 
Application started (Dev)

2015-01-10 17:45:49,555 - [INFO] - from play in play-internal-execution-context-1 
database [default] connected at jdbc:postgresql://localhost/workout-organizer

2015-01-10 17:45:49,558 - [INFO] - from play in play-internal-execution-context-1 
Application started (Dev)

2015-01-10 17:46:42,055 - [INFO] - from play in play-internal-execution-context-1 
database [default] connected at jdbc:postgresql://localhost/workout-organizer

2015-01-10 17:46:42,057 - [INFO] - from play in play-internal-execution-context-1 
Application started (Dev)

2015-01-10 17:48:00,782 - [INFO] - from play in play-internal-execution-context-1 
database [default] connected at jdbc:postgresql://localhost/workout-organizer

2015-01-10 17:48:00,785 - [INFO] - from play in play-internal-execution-context-1 
Application started (Dev)

2015-01-10 17:48:14,970 - [INFO] - from play in play-internal-execution-context-1 
database [default] connected at jdbc:postgresql://localhost/workout-organizer

2015-01-10 17:48:14,973 - [INFO] - from play in play-internal-execution-context-1 
Application started (Dev)

2015-01-10 17:48:27,731 - [INFO] - from play in play-internal-execution-context-1 
database [default] connected at jdbc:postgresql://localhost/workout-organizer

2015-01-10 17:48:27,734 - [INFO] - from play in play-internal-execution-context-1 
Application started (Dev)

2015-01-10 17:51:56,702 - [INFO] - from play in play-internal-execution-context-1 
database [default] connected at jdbc:postgresql://localhost/workout-organizer

2015-01-10 17:51:56,705 - [INFO] - from play in play-internal-execution-context-1 
Application started (Dev)

2015-01-10 17:52:06,451 - [INFO] - from play in play-internal-execution-context-1 
database [default] connected at jdbc:postgresql://localhost/workout-organizer

2015-01-10 17:52:06,454 - [INFO] - from play in play-internal-execution-context-1 
Application started (Dev)

2015-01-10 17:52:08,694 - [DEBUG] - from application in play-akka.actor.default-dispatcher-51 
Wyciskanie sztangi - płaska ławka

2015-01-10 17:52:08,695 - [DEBUG] - from application in play-akka.actor.default-dispatcher-51 
Wyciskanie sztangi - incline

2015-01-10 17:52:08,696 - [DEBUG] - from application in play-akka.actor.default-dispatcher-51 
Wyciskanie sztangi - decline

2015-01-10 17:52:08,696 - [DEBUG] - from application in play-akka.actor.default-dispatcher-51 
Martwy ciąg

2015-01-10 17:52:08,696 - [DEBUG] - from application in play-akka.actor.default-dispatcher-51 
Arnoldki

2015-01-10 17:52:08,696 - [DEBUG] - from application in play-akka.actor.default-dispatcher-51 
Wyciskanie żołnierskie

2015-01-10 17:52:08,696 - [DEBUG] - from application in play-akka.actor.default-dispatcher-51 
Przysiady

2015-01-10 17:52:08,696 - [DEBUG] - from application in play-akka.actor.default-dispatcher-51 
Uginanie sztangi

2015-01-10 17:52:08,696 - [DEBUG] - from application in play-akka.actor.default-dispatcher-51 
Uginanie hantli z supinacją

2015-01-10 17:52:08,696 - [DEBUG] - from application in play-akka.actor.default-dispatcher-51 
Francuskie wyciskanie

2015-01-10 17:52:08,696 - [DEBUG] - from application in play-akka.actor.default-dispatcher-51 
Podciąganie

2015-01-10 17:52:08,696 - [DEBUG] - from application in play-akka.actor.default-dispatcher-51 
Wspinanie na palce

2015-01-10 17:52:38,726 - [INFO] - from play in play-internal-execution-context-1 
database [default] connected at jdbc:postgresql://localhost/workout-organizer

2015-01-10 17:52:38,730 - [INFO] - from play in play-internal-execution-context-1 
Application started (Dev)

2015-01-10 17:52:42,265 - [DEBUG] - from application in play-akka.actor.default-dispatcher-65 
Wyciskanie sztangi - płaska ławka

2015-01-10 17:52:42,266 - [DEBUG] - from application in play-akka.actor.default-dispatcher-65 
Wyciskanie sztangi - incline

2015-01-10 17:52:42,266 - [DEBUG] - from application in play-akka.actor.default-dispatcher-65 
Wyciskanie sztangi - decline

2015-01-10 17:52:42,266 - [DEBUG] - from application in play-akka.actor.default-dispatcher-65 
Martwy ciąg

2015-01-10 17:52:42,266 - [DEBUG] - from application in play-akka.actor.default-dispatcher-65 
Arnoldki

2015-01-10 17:52:42,266 - [DEBUG] - from application in play-akka.actor.default-dispatcher-65 
Wyciskanie żołnierskie

2015-01-10 17:52:42,266 - [DEBUG] - from application in play-akka.actor.default-dispatcher-65 
Przysiady

2015-01-10 17:52:42,266 - [DEBUG] - from application in play-akka.actor.default-dispatcher-65 
Uginanie sztangi

2015-01-10 17:52:42,266 - [DEBUG] - from application in play-akka.actor.default-dispatcher-65 
Uginanie hantli z supinacją

2015-01-10 17:52:42,266 - [DEBUG] - from application in play-akka.actor.default-dispatcher-65 
Francuskie wyciskanie

2015-01-10 17:52:42,266 - [DEBUG] - from application in play-akka.actor.default-dispatcher-65 
Podciąganie

2015-01-10 17:52:42,266 - [DEBUG] - from application in play-akka.actor.default-dispatcher-65 
Wspinanie na palce

2015-01-10 17:52:45,417 - [DEBUG] - from application in play-akka.actor.default-dispatcher-51 
Wyciskanie sztangi - płaska ławka

2015-01-10 17:52:45,417 - [DEBUG] - from application in play-akka.actor.default-dispatcher-51 
Wyciskanie sztangi - incline

2015-01-10 17:52:45,417 - [DEBUG] - from application in play-akka.actor.default-dispatcher-51 
Wyciskanie sztangi - decline

2015-01-10 17:52:45,417 - [DEBUG] - from application in play-akka.actor.default-dispatcher-51 
Martwy ciąg

2015-01-10 17:52:45,417 - [DEBUG] - from application in play-akka.actor.default-dispatcher-51 
Arnoldki

2015-01-10 17:52:45,417 - [DEBUG] - from application in play-akka.actor.default-dispatcher-51 
Wyciskanie żołnierskie

2015-01-10 17:52:45,417 - [DEBUG] - from application in play-akka.actor.default-dispatcher-51 
Przysiady

2015-01-10 17:52:45,417 - [DEBUG] - from application in play-akka.actor.default-dispatcher-51 
Uginanie sztangi

2015-01-10 17:52:45,417 - [DEBUG] - from application in play-akka.actor.default-dispatcher-51 
Uginanie hantli z supinacją

2015-01-10 17:52:45,417 - [DEBUG] - from application in play-akka.actor.default-dispatcher-51 
Francuskie wyciskanie

2015-01-10 17:52:45,417 - [DEBUG] - from application in play-akka.actor.default-dispatcher-51 
Podciąganie

2015-01-10 17:52:45,417 - [DEBUG] - from application in play-akka.actor.default-dispatcher-51 
Wspinanie na palce

2015-01-10 17:52:47,666 - [DEBUG] - from application in play-akka.actor.default-dispatcher-66 
Wyciskanie sztangi - płaska ławka

2015-01-10 17:52:47,666 - [DEBUG] - from application in play-akka.actor.default-dispatcher-66 
Wyciskanie sztangi - incline

2015-01-10 17:52:47,666 - [DEBUG] - from application in play-akka.actor.default-dispatcher-66 
Wyciskanie sztangi - decline

2015-01-10 17:52:47,667 - [DEBUG] - from application in play-akka.actor.default-dispatcher-66 
Martwy ciąg

2015-01-10 17:52:47,667 - [DEBUG] - from application in play-akka.actor.default-dispatcher-66 
Arnoldki

2015-01-10 17:52:47,667 - [DEBUG] - from application in play-akka.actor.default-dispatcher-66 
Wyciskanie żołnierskie

2015-01-10 17:52:47,667 - [DEBUG] - from application in play-akka.actor.default-dispatcher-66 
Przysiady

2015-01-10 17:52:47,667 - [DEBUG] - from application in play-akka.actor.default-dispatcher-66 
Uginanie sztangi

2015-01-10 17:52:47,667 - [DEBUG] - from application in play-akka.actor.default-dispatcher-66 
Uginanie hantli z supinacją

2015-01-10 17:52:47,667 - [DEBUG] - from application in play-akka.actor.default-dispatcher-66 
Francuskie wyciskanie

2015-01-10 17:52:47,667 - [DEBUG] - from application in play-akka.actor.default-dispatcher-66 
Podciąganie

2015-01-10 17:52:47,667 - [DEBUG] - from application in play-akka.actor.default-dispatcher-66 
Wspinanie na palce

2015-01-10 17:54:28,555 - [DEBUG] - from application in play-akka.actor.default-dispatcher-71 
Wyciskanie sztangi - płaska ławka

2015-01-10 17:54:28,555 - [DEBUG] - from application in play-akka.actor.default-dispatcher-71 
Wyciskanie sztangi - incline

2015-01-10 17:54:28,555 - [DEBUG] - from application in play-akka.actor.default-dispatcher-71 
Wyciskanie sztangi - decline

2015-01-10 17:54:28,555 - [DEBUG] - from application in play-akka.actor.default-dispatcher-71 
Martwy ciąg

2015-01-10 17:54:28,555 - [DEBUG] - from application in play-akka.actor.default-dispatcher-71 
Arnoldki

2015-01-10 17:54:28,555 - [DEBUG] - from application in play-akka.actor.default-dispatcher-71 
Wyciskanie żołnierskie

2015-01-10 17:54:28,555 - [DEBUG] - from application in play-akka.actor.default-dispatcher-71 
Przysiady

2015-01-10 17:54:28,555 - [DEBUG] - from application in play-akka.actor.default-dispatcher-71 
Uginanie sztangi

2015-01-10 17:54:28,555 - [DEBUG] - from application in play-akka.actor.default-dispatcher-71 
Uginanie hantli z supinacją

2015-01-10 17:54:28,555 - [DEBUG] - from application in play-akka.actor.default-dispatcher-71 
Francuskie wyciskanie

2015-01-10 17:54:28,555 - [DEBUG] - from application in play-akka.actor.default-dispatcher-71 
Podciąganie

2015-01-10 17:54:28,556 - [DEBUG] - from application in play-akka.actor.default-dispatcher-71 
Wspinanie na palce

2015-01-10 18:01:02,144 - [INFO] - from play in play-internal-execution-context-1 
database [default] connected at jdbc:postgresql://localhost/workout-organizer

2015-01-10 18:01:02,147 - [INFO] - from play in play-internal-execution-context-1 
Application started (Dev)

2015-01-10 18:05:47,411 - [INFO] - from application in play-akka.actor.default-dispatcher-76 
Insert user: INSERT INTO users(login, email, password_digest, first_name, last_name) VALUES  ('m.suchodolski69','m.schucotrocki@zabytki.pl','XDxDxD','Mikołaj','Suchodolski')

2015-01-10 18:06:47,521 - [INFO] - from application in play-akka.actor.default-dispatcher-76 
User test logged in!

2015-01-10 18:06:53,519 - [DEBUG] - from application in play-akka.actor.default-dispatcher-76 
Wyciskanie sztangi - płaska ławka

2015-01-10 18:06:53,519 - [DEBUG] - from application in play-akka.actor.default-dispatcher-76 
Wyciskanie sztangi - incline

2015-01-10 18:06:53,519 - [DEBUG] - from application in play-akka.actor.default-dispatcher-76 
Wyciskanie sztangi - decline

2015-01-10 18:06:53,519 - [DEBUG] - from application in play-akka.actor.default-dispatcher-76 
Martwy ciąg

2015-01-10 18:06:53,519 - [DEBUG] - from application in play-akka.actor.default-dispatcher-76 
Arnoldki

2015-01-10 18:06:53,519 - [DEBUG] - from application in play-akka.actor.default-dispatcher-76 
Wyciskanie żołnierskie

2015-01-10 18:06:53,519 - [DEBUG] - from application in play-akka.actor.default-dispatcher-76 
Przysiady

2015-01-10 18:06:53,519 - [DEBUG] - from application in play-akka.actor.default-dispatcher-76 
Uginanie sztangi

2015-01-10 18:06:53,519 - [DEBUG] - from application in play-akka.actor.default-dispatcher-76 
Uginanie hantli z supinacją

2015-01-10 18:06:53,519 - [DEBUG] - from application in play-akka.actor.default-dispatcher-76 
Francuskie wyciskanie

2015-01-10 18:06:53,519 - [DEBUG] - from application in play-akka.actor.default-dispatcher-76 
Podciąganie

2015-01-10 18:06:53,519 - [DEBUG] - from application in play-akka.actor.default-dispatcher-76 
Wspinanie na palce

2015-01-10 18:07:58,062 - [INFO] - from play in play-internal-execution-context-1 
database [default] connected at jdbc:postgresql://localhost/workout-organizer

2015-01-10 18:07:58,066 - [INFO] - from play in play-internal-execution-context-1 
Application started (Dev)

2015-01-10 18:08:52,098 - [INFO] - from application in play-akka.actor.default-dispatcher-81 
Insert user: INSERT INTO users(login, email, password_digest, first_name, last_name) VALUES  ('kubatogej','kamilos266@gmail.com','kubatogej','Kuba','Togej')

2015-01-10 18:10:50,866 - [INFO] - from play in play-internal-execution-context-1 
database [default] connected at jdbc:postgresql://localhost/workout-organizer

2015-01-10 18:10:50,869 - [INFO] - from play in play-internal-execution-context-1 
Application started (Dev)

2015-01-10 18:11:03,770 - [INFO] - from application in play-akka.actor.default-dispatcher-85 
Insert user: INSERT INTO users(login, email, password_digest, first_name, last_name) VALUES  ('kamilgej','kamilgej','kamilgej','kamilgej','kamilgej')

2015-01-10 18:11:32,294 - [DEBUG] - from application in play-akka.actor.default-dispatcher-84 
Wyciskanie sztangi - płaska ławka

2015-01-10 18:11:32,294 - [DEBUG] - from application in play-akka.actor.default-dispatcher-84 
Wyciskanie sztangi - incline

2015-01-10 18:11:32,294 - [DEBUG] - from application in play-akka.actor.default-dispatcher-84 
Wyciskanie sztangi - decline

2015-01-10 18:11:32,294 - [DEBUG] - from application in play-akka.actor.default-dispatcher-84 
Martwy ciąg

2015-01-10 18:11:32,294 - [DEBUG] - from application in play-akka.actor.default-dispatcher-84 
Arnoldki

2015-01-10 18:11:32,294 - [DEBUG] - from application in play-akka.actor.default-dispatcher-84 
Wyciskanie żołnierskie

2015-01-10 18:11:32,294 - [DEBUG] - from application in play-akka.actor.default-dispatcher-84 
Przysiady

2015-01-10 18:11:32,294 - [DEBUG] - from application in play-akka.actor.default-dispatcher-84 
Uginanie sztangi

2015-01-10 18:11:32,294 - [DEBUG] - from application in play-akka.actor.default-dispatcher-84 
Uginanie hantli z supinacją

2015-01-10 18:11:32,294 - [DEBUG] - from application in play-akka.actor.default-dispatcher-84 
Francuskie wyciskanie

2015-01-10 18:11:32,294 - [DEBUG] - from application in play-akka.actor.default-dispatcher-84 
Podciąganie

2015-01-10 18:11:32,294 - [DEBUG] - from application in play-akka.actor.default-dispatcher-84 
Wspinanie na palce

2015-01-10 18:11:57,171 - [INFO] - from application in play-akka.actor.default-dispatcher-86 
Insert user: INSERT INTO users(login, email, password_digest, first_name, last_name) VALUES  ('kubatogej','kamilos266@gmail.com','kubatogej','Kuba','Togej')

2015-01-10 18:11:57,177 - [ERROR] - from play in play-akka.actor.default-dispatcher-86 
Cannot invoke the action, eventually got an error: sun.reflect.generics.reflectiveObjects.NotImplementedException

2015-01-10 18:11:57,178 - [ERROR] - from application in play-akka.actor.default-dispatcher-86 


! @6knh99d7p - Internal server error, for (POST) [/register] ->

play.api.Application$$anon$1: Execution exception[[NotImplementedException: null]]
	at play.api.Application$class.handleError(Application.scala:296) ~[play_2.11-2.3.7.jar:2.3.7]
	at play.api.DefaultApplication.handleError(Application.scala:402) [play_2.11-2.3.7.jar:2.3.7]
	at play.core.server.netty.PlayDefaultUpstreamHandler$$anonfun$3$$anonfun$applyOrElse$4.apply(PlayDefaultUpstreamHandler.scala:320) [play_2.11-2.3.7.jar:2.3.7]
	at play.core.server.netty.PlayDefaultUpstreamHandler$$anonfun$3$$anonfun$applyOrElse$4.apply(PlayDefaultUpstreamHandler.scala:320) [play_2.11-2.3.7.jar:2.3.7]
	at scala.Option.map(Option.scala:145) [scala-library-2.11.1.jar:na]
	at play.core.server.netty.PlayDefaultUpstreamHandler$$anonfun$3.applyOrElse(PlayDefaultUpstreamHandler.scala:320) [play_2.11-2.3.7.jar:2.3.7]
	at play.core.server.netty.PlayDefaultUpstreamHandler$$anonfun$3.applyOrElse(PlayDefaultUpstreamHandler.scala:316) [play_2.11-2.3.7.jar:2.3.7]
	at scala.concurrent.Future$$anonfun$recoverWith$1.apply(Future.scala:344) [scala-library-2.11.1.jar:na]
	at scala.concurrent.Future$$anonfun$recoverWith$1.apply(Future.scala:343) [scala-library-2.11.1.jar:na]
	at scala.concurrent.impl.CallbackRunnable.run(Promise.scala:32) [scala-library-2.11.1.jar:na]
	at play.api.libs.iteratee.Execution$trampoline$.execute(Execution.scala:46) [play-iteratees_2.11-2.3.7.jar:2.3.7]
	at scala.concurrent.impl.CallbackRunnable.executeWithValue(Promise.scala:40) [scala-library-2.11.1.jar:na]
	at scala.concurrent.impl.Promise$DefaultPromise.tryComplete(Promise.scala:248) [scala-library-2.11.1.jar:na]
	at scala.concurrent.Promise$class.complete(Promise.scala:55) [scala-library-2.11.1.jar:na]
	at scala.concurrent.impl.Promise$DefaultPromise.complete(Promise.scala:153) [scala-library-2.11.1.jar:na]
	at scala.concurrent.impl.Future$PromiseCompletingRunnable.run(Future.scala:23) [scala-library-2.11.1.jar:na]
	at akka.dispatch.TaskInvocation.run(AbstractDispatcher.scala:41) [akka-actor_2.11-2.3.4.jar:na]
	at akka.dispatch.ForkJoinExecutorConfigurator$AkkaForkJoinTask.exec(AbstractDispatcher.scala:393) [akka-actor_2.11-2.3.4.jar:na]
	at scala.concurrent.forkjoin.ForkJoinTask.doExec(ForkJoinTask.java:260) [scala-library-2.11.1.jar:na]
	at scala.concurrent.forkjoin.ForkJoinPool$WorkQueue.runTask(ForkJoinPool.java:1339) [scala-library-2.11.1.jar:na]
	at scala.concurrent.forkjoin.ForkJoinPool.runWorker(ForkJoinPool.java:1979) [scala-library-2.11.1.jar:na]
	at scala.concurrent.forkjoin.ForkJoinWorkerThread.run(ForkJoinWorkerThread.java:107) [scala-library-2.11.1.jar:na]
Caused by: sun.reflect.generics.reflectiveObjects.NotImplementedException: null
	at controllers.SignController.registerUser(SignController.java:39) ~[classes/:na]
	at Routes$$anonfun$routes$1$$anonfun$applyOrElse$5$$anonfun$apply$5.apply(routes_routing.scala:154) ~[classes/:na]
	at Routes$$anonfun$routes$1$$anonfun$applyOrElse$5$$anonfun$apply$5.apply(routes_routing.scala:154) ~[classes/:na]
	at play.core.Router$HandlerInvokerFactory$$anon$4.resultCall(Router.scala:264) ~[play_2.11-2.3.7.jar:2.3.7]
	at play.core.Router$HandlerInvokerFactory$JavaActionInvokerFactory$$anon$15$$anon$1.invocation(Router.scala:255) ~[play_2.11-2.3.7.jar:2.3.7]
	at play.core.j.JavaAction$$anon$1.call(JavaAction.scala:55) ~[play_2.11-2.3.7.jar:2.3.7]
	at play.core.j.JavaAction$$anonfun$11.apply(JavaAction.scala:82) ~[play_2.11-2.3.7.jar:2.3.7]
	at play.core.j.JavaAction$$anonfun$11.apply(JavaAction.scala:82) ~[play_2.11-2.3.7.jar:2.3.7]
	at scala.concurrent.impl.Future$PromiseCompletingRunnable.liftedTree1$1(Future.scala:24) [scala-library-2.11.1.jar:na]
	at scala.concurrent.impl.Future$PromiseCompletingRunnable.run(Future.scala:24) [scala-library-2.11.1.jar:na]
	at play.core.j.HttpExecutionContext$$anon$2.run(HttpExecutionContext.scala:40) ~[play_2.11-2.3.7.jar:2.3.7]
	at play.api.libs.iteratee.Execution$trampoline$.execute(Execution.scala:46) [play-iteratees_2.11-2.3.7.jar:2.3.7]
	at play.core.j.HttpExecutionContext.execute(HttpExecutionContext.scala:32) ~[play_2.11-2.3.7.jar:2.3.7]
	at scala.concurrent.impl.Future$.apply(Future.scala:31) ~[scala-library-2.11.1.jar:na]
	at scala.concurrent.Future$.apply(Future.scala:492) ~[scala-library-2.11.1.jar:na]
	at play.core.j.JavaAction$class.apply(JavaAction.scala:82) ~[play_2.11-2.3.7.jar:2.3.7]
	at play.core.Router$HandlerInvokerFactory$JavaActionInvokerFactory$$anon$15$$anon$1.apply(Router.scala:252) ~[play_2.11-2.3.7.jar:2.3.7]
	at play.api.mvc.Action$$anonfun$apply$1$$anonfun$apply$4$$anonfun$apply$5.apply(Action.scala:130) ~[play_2.11-2.3.7.jar:2.3.7]
	at play.api.mvc.Action$$anonfun$apply$1$$anonfun$apply$4$$anonfun$apply$5.apply(Action.scala:130) ~[play_2.11-2.3.7.jar:2.3.7]
	at play.utils.Threads$.withContextClassLoader(Threads.scala:21) ~[play_2.11-2.3.7.jar:2.3.7]
	at play.api.mvc.Action$$anonfun$apply$1$$anonfun$apply$4.apply(Action.scala:129) ~[play_2.11-2.3.7.jar:2.3.7]
	at play.api.mvc.Action$$anonfun$apply$1$$anonfun$apply$4.apply(Action.scala:128) ~[play_2.11-2.3.7.jar:2.3.7]
	at scala.Option.map(Option.scala:145) [scala-library-2.11.1.jar:na]
	at play.api.mvc.Action$$anonfun$apply$1.apply(Action.scala:128) ~[play_2.11-2.3.7.jar:2.3.7]
	at play.api.mvc.Action$$anonfun$apply$1.apply(Action.scala:121) ~[play_2.11-2.3.7.jar:2.3.7]
	at play.api.libs.iteratee.Iteratee$$anonfun$mapM$1.apply(Iteratee.scala:483) ~[play-iteratees_2.11-2.3.7.jar:2.3.7]
	at play.api.libs.iteratee.Iteratee$$anonfun$mapM$1.apply(Iteratee.scala:483) ~[play-iteratees_2.11-2.3.7.jar:2.3.7]
	at play.api.libs.iteratee.Iteratee$$anonfun$flatMapM$1.apply(Iteratee.scala:519) ~[play-iteratees_2.11-2.3.7.jar:2.3.7]
	at play.api.libs.iteratee.Iteratee$$anonfun$flatMapM$1.apply(Iteratee.scala:519) ~[play-iteratees_2.11-2.3.7.jar:2.3.7]
	at play.api.libs.iteratee.Iteratee$$anonfun$flatMap$1$$anonfun$apply$14.apply(Iteratee.scala:496) ~[play-iteratees_2.11-2.3.7.jar:2.3.7]
	at play.api.libs.iteratee.Iteratee$$anonfun$flatMap$1$$anonfun$apply$14.apply(Iteratee.scala:496) ~[play-iteratees_2.11-2.3.7.jar:2.3.7]
	at scala.concurrent.impl.Future$PromiseCompletingRunnable.liftedTree1$1(Future.scala:24) [scala-library-2.11.1.jar:na]
	at scala.concurrent.impl.Future$PromiseCompletingRunnable.run(Future.scala:24) [scala-library-2.11.1.jar:na]
	... 6 common frames omitted

